2018-03-20T00:46:21.553Z - normal: Load ~/.CocosCreator/settings.json
2018-03-20T00:46:21.556Z - normal: checking language setting...
2018-03-20T00:46:21.556Z - normal: Language: zh
2018-03-20T00:46:22.344Z - success: protocol editor-framework registered
2018-03-20T00:46:22.344Z - success: protocol app registered
2018-03-20T00:46:22.344Z - success: protocol theme registered
2018-03-20T00:46:22.344Z - success: protocol packages registered
2018-03-20T00:46:22.345Z - success: protocol unpack registerred
2018-03-20T00:46:22.345Z - success: protocol disable-commonjs registerred
2018-03-20T00:46:22.642Z - normal: connected!
2018-03-20T00:46:22.645Z - normal: Check project /Users/machenfei/git/repo/HelloGame
2018-03-20T00:46:22.647Z - normal: Initializing Cocos2d
2018-03-20T00:46:22.907Z - normal: Initializing Asset Database
2018-03-20T00:46:22.943Z - success: protocol uuid registerred
2018-03-20T00:46:22.943Z - success: protocol db registerred
2018-03-20T00:46:22.943Z - success: protocol thumbnail registerred
2018-03-20T00:46:22.944Z - normal: Loading editor/builtin packages
2018-03-20T00:46:22.962Z - success: anysdk loaded
2018-03-20T00:46:23.089Z - success: assets loaded
2018-03-20T00:46:23.104Z - success: builder loaded
2018-03-20T00:46:23.107Z - success: cocos-analytics loaded
2018-03-20T00:46:23.113Z - success: console loaded
2018-03-20T00:46:23.154Z - success: fb-instant-games loaded
2018-03-20T00:46:23.158Z - success: hierarchy loaded
2018-03-20T00:46:23.163Z - success: inspector loaded
2018-03-20T00:46:23.165Z - success: keystore loaded
2018-03-20T00:46:23.173Z - success: node-library loaded
2018-03-20T00:46:23.175Z - success: package-asset loaded
2018-03-20T00:46:23.177Z - success: preferences loaded
2018-03-20T00:46:23.181Z - success: project-exporter loaded
2018-03-20T00:46:23.200Z - success: project-importer loaded
2018-03-20T00:46:23.204Z - success: project-settings loaded
2018-03-20T00:46:23.208Z - success: ui-kit loaded
2018-03-20T00:46:23.214Z - success: ui-grid loaded
2018-03-20T00:46:23.218Z - success: scene loaded
2018-03-20T00:46:23.219Z - success: sprite-editor loaded
2018-03-20T00:46:23.224Z - success: store loaded
2018-03-20T00:46:23.231Z - success: timeline loaded
2018-03-20T00:46:23.231Z - normal: Loading builtin packages
2018-03-20T00:46:23.235Z - success: asset-db-debugger loaded
2018-03-20T00:46:23.236Z - success: color-picker loaded
2018-03-20T00:46:23.239Z - success: package-manager loaded
2018-03-20T00:46:23.246Z - success: sdkbox loaded
2018-03-20T00:46:23.253Z - success: tester loaded
2018-03-20T00:46:23.257Z - success: ui-kit-preview-extra loaded
2018-03-20T00:46:23.260Z - success: ui-kit-preview loaded
2018-03-20T00:46:23.264Z - success: ui-tree loaded
2018-03-20T00:46:24.252Z - normal: Initializing project /Users/machenfei/git/repo/HelloGame
2018-03-20T00:46:24.256Z - normal: Loading packages
2018-03-20T00:46:24.262Z - normal: Watching packages
2018-03-20T00:46:24.272Z - normal: Run Application
2018-03-20T00:46:24.767Z - success: preview server running at http://localhost:7456
2018-03-20T00:46:29.005Z - normal: 1.9.0
